32731
16170
28792
28526
8126
5576
13071
24600
304
16610
1578
8519
26341
2491
23669
12195
7382
1688
17553
11007
8316
26687
28824
28595
17594
15922
22900
23740
20364
19887
10719
17045
7539
22374
23864
14035
5790
26616
15883
18562
473
3890
12382
20801
309
6669
29627
24351
17531
11107
18689
29490
15696
20338
10218
4348
24872
26129
28763
23165
17643
32692
17262
13590
7785
2335
28735
13091
30589
25068
8313
15959
7938
14782
12446
16085
9082
20546
24601
15122
25463
29673
17669
11373
32720
23398
12218
1162
15236
13800
27163
8050
5483
3606
32417
7787
10145
23503
29477
26519
6323
24734
9072
17997
10886
11005
10116
26682
13066
23633
29095
13110
2723
3488
4147
12263
15441
28434
16159
1303
933
32302
13644
16340
25699
28368
22927
25676
26614
8939
19330
869
19606
19715
27658
20766
12859
6504
20902
30632
4415
31283
21629
9027
1749
29184
7717
728
17197
31088
26931
14682
9571
23388
23686
31708
20779
9176
11858
22641
19005
32238
31470
25031
24961
7190
31581
15233
0
1911
1950
17239
7025
29151
4275
21231
24808
26243
32369
22136
24764
30070
7436
13323
18583
13801
1633
16321
30492
15143
13057
14483
30032
22606
7937
2548
8649
20174
11907
20015
6553
17313
15874
19840
10999
5967
2656
30196
23986
31903
23728
2048
23893
27164
9668
29667
20761
16974
30069
9147
28045
20149
31156
11880
19463
27012
29011
12068
21449
29218
16018
15838
16626
26719
1387
17498
5418
19065
414
11272
32267
4557
123
8359
32080
27228
10865
25496
24255
259
2137
27650
18391
1145
28802
20394
27961
13576
18299
12431
14806
7946
16547
11080
29660
23593
2674
540
11105
30549
4739
229
32460
20356
19816
21925
262
5420
11820
23012
19812
16000
14759
2255
5457
3692
24965
7696
13246
2641
4883
6510
4682
31360
9679
8995
27696
20855
5549
3328
15092
5597
13609
27714
22732
11069
17168
2098
9422
5509
4109
6526
13533
4924
8182
5720
24916
10886
29395
1874
13935
1240
25010
8439
6013
13690
15148
7722
8134
18112
2997
5950
3388
10759
15782
20952
16611
26224
32011
17798
8449
8798
2861
20766
26885
25520
28125
23767
13111
8894
9861
25897
18467
3093
23791
10852
32710
3313
10707
274
16501
1661
27938
32524
26512
17355
23571
349
10218
3732
13041
18137
10742
32432
13986
7036
31153
24660
29174
20611
3666
19725
23220
32075
30643
21375
19044
17644
32125
18908
30428
7316
15381
10021
22156
20132
2889
32547
7305
13963
15033
32035
14426
29028
28677
31091
1413
32593
12987
1439
5847
4500
29182
2923
18806
370
4086
23183
2983
11208
16123
16692
863
11625
15487
2865
139
15420
13758
1029
26398
6425
25127
22419
31966
22110
8071
28063
18158
28499
7163
7178
25369
27715
22931
19407
2276
3925
6085
27837
7762
17966
28311
21489
3188
23623
10122
24857
16311
10766
8263
1642
0
15551
17164
3932
3093
13055
24788
16939
9716
19004
31048
14349
31061
22726
15463
2099
2838
12460
20983
8576
7163
10072
12970
28427
11059
15848
7951
9045
1191
9810
62
17993
1800
8501
15937
25079
3479
28799
22595
27152
10673
23235
19066
14879
6177
31575
3541
18060
7716
23344
15716
23633
14907
3708
11659
2937
21683
21252
229
6236
23541
27454
1784
3995
30861
12851
28829
22748
17659
9239
9772
25669
13628
22432
19306
20154
6678
9261
15666
6357
27686
28823
5349
19624
19114
26324
32146
11828
23054
2129
26340
21159
28216
24332
25039
14936
11410
18290
13048
18819
4571
3837
26344
15300
1965
25484
29679
28243
30156
20352
13784
7428
31540
16027
20306
28156
15072
18328
15640
26676
26715
13960
9957
12462
7
5106
14874
10872
22319
9385
6700
21859
28621
7787
13006
1923
15387
3389
30690
23909
15835
9609
24351
32018
11622
32499
8065
1991
5237
29694
628
22128
2225
8802
21184
23784
29180
18474
13618
20466
2172
31120
30478
27125
30315
27544
7735
27258
18848
20333
18202
11366
8411
31358
7262
28407
16596
22359
29773
11646
32001
23360
24575
8673
8234
31894
14411
19918
16557
26091
29806
9919
11409
25055
22136
16561
22859
15292
14714
5027
850
4307
3439
14287
26980
20121
19693
13482
20374
22911
30859
16028
13852
6292
25617
32638
28636
25052
24929
17880
1204
878
5415
14038
2949
25934
321
24334
26631
15
4335
15860
6219
9255
12986
10263
32270
19985
19493
7204
20419
804
4885
26263
7518
29492
6400
12353
5345
23276
5079
21373
29351
25321
12468
5169
18802
30614
31810
5765
3637
21962
11503
12389
5025
18466
23251
29112
24945
20766
29022
32604
4981
15868
26307
7400
11359
24151
1318
288
2127
23679
20872
20790
23327
29334
23661
24262
26223
30830
2130
1166
21358
1572
4561
15856
23662
10106
26001
21800
12837
23544
4078
17484
18626
24513
21100
9479
30903
31030
10971
19220
7999
18251
22601
25979
10932
19628
10667
17037
16019
13198
8778
4769
23371
1620
16366
17803
13768
22761
28364
24287
10945
7895
30511
23786
31172
10794
28904